[debug] [2020-03-10T06:39:41.019Z] ----------------------------------------------------------------------
[debug] [2020-03-10T06:39:41.021Z] Command:       /usr/local/bin/node /usr/local/bin/firebase init
[debug] [2020-03-10T06:39:41.021Z] CLI Version:   7.14.0
[debug] [2020-03-10T06:39:41.021Z] Platform:      darwin
[debug] [2020-03-10T06:39:41.021Z] Node Version:  v12.16.1
[debug] [2020-03-10T06:39:41.022Z] Time:          Mon Mar 09 2020 23:39:41 GMT-0700 (Pacific Daylight Time)
[debug] [2020-03-10T06:39:41.022Z] ----------------------------------------------------------------------
[debug] [2020-03-10T06:39:41.022Z] 
[debug] [2020-03-10T06:39:41.029Z] > command requires scopes: ["email","openid","https://www.googleapis.com/auth/cloudplatformprojects.readonly","https://www.googleapis.com/auth/firebase","https://www.googleapis.com/auth/cloud-platform"]
[debug] [2020-03-10T06:39:41.029Z] > authorizing via signed-in user
[info] 
     ######## #### ########  ######## ########     ###     ######  ########
     ##        ##  ##     ## ##       ##     ##  ##   ##  ##       ##
     ######    ##  ########  ######   ########  #########  ######  ######
     ##        ##  ##    ##  ##       ##     ## ##     ##       ## ##
     ##       #### ##     ## ######## ########  ##     ##  ######  ########

You're about to initialize a Firebase project in this directory:

  /Users/lelasmith/Desktop/rosecoates-coaching

[debug] [2020-03-10T06:42:21.992Z] ----------------------------------------------------------------------
[debug] [2020-03-10T06:42:21.994Z] Command:       /usr/local/bin/node /usr/local/bin/firebase init
[debug] [2020-03-10T06:42:21.994Z] CLI Version:   7.14.0
[debug] [2020-03-10T06:42:21.994Z] Platform:      darwin
[debug] [2020-03-10T06:42:21.994Z] Node Version:  v12.16.1
[debug] [2020-03-10T06:42:21.995Z] Time:          Mon Mar 09 2020 23:42:21 GMT-0700 (Pacific Daylight Time)
[debug] [2020-03-10T06:42:21.995Z] ----------------------------------------------------------------------
[debug] [2020-03-10T06:42:21.995Z] 
[debug] [2020-03-10T06:42:22.003Z] > command requires scopes: ["email","openid","https://www.googleapis.com/auth/cloudplatformprojects.readonly","https://www.googleapis.com/auth/firebase","https://www.googleapis.com/auth/cloud-platform"]
[debug] [2020-03-10T06:42:22.003Z] > authorizing via signed-in user
[info] 
     ######## #### ########  ######## ########     ###     ######  ########
     ##        ##  ##     ## ##       ##     ##  ##   ##  ##       ##
     ######    ##  ########  ######   ########  #########  ######  ######
     ##        ##  ##    ##  ##       ##     ## ##     ##       ## ##
     ##       #### ##     ## ######## ########  ##     ##  ######  ########

You're about to initialize a Firebase project in this directory:

  /Users/lelasmith/Desktop/rosecoates-coaching

[info] 
=== Project Setup
[info] 
[info] First, let's associate this project directory with a Firebase project.
[info] You can create multiple project aliases by running firebase use --add, 
[info] but for now we'll just set up a default project.
[info] 
[debug] [2020-03-10T06:43:25.628Z] > refreshing access token with scopes: ["email","https://www.googleapis.com/auth/cloud-platform","https://www.googleapis.com/auth/cloudplatformprojects.readonly","https://www.googleapis.com/auth/firebase","openid"]
[debug] [2020-03-10T06:43:25.629Z] >>> HTTP REQUEST POST https://www.googleapis.com/oauth2/v3/token  
 <request body omitted>
[debug] [2020-03-10T06:43:25.774Z] <<< HTTP RESPONSE 200
[debug] [2020-03-10T06:43:25.787Z] >>> HTTP REQUEST GET https://firebase.googleapis.com/v1beta1/availableProjects?pageSize=100  
 
[debug] [2020-03-10T06:43:26.269Z] <<< HTTP RESPONSE 200
[debug] [2020-03-11T19:04:03.961Z] TypeError: Cannot read property 'setRawMode' of null
    at ReadStream.setRawMode (tty.js:75:28)
    at Interface._setRawMode (readline.js:283:16)
    at Interface.close (readline.js:406:10)
    at ReadStream.ontermend (readline.js:194:10)
    at ReadStream.emit (events.js:323:22)
    at ReadStream.EventEmitter.emit (domain.js:482:12)
    at endReadableNT (_stream_readable.js:1204:12)
    at processTicksAndRejections (internal/process/task_queues.js:84:21)
[debug] [2020-03-11T19:04:03.962Z] Error: write EIO
    at afterWriteDispatched (internal/stream_base_commons.js:154:25)
    at writeGeneric (internal/stream_base_commons.js:145:3)
    at WriteStream.Socket._writeGeneric (net.js:780:11)
    at WriteStream.Socket._write (net.js:792:8)
    at doWrite (_stream_writable.js:441:12)
    at writeOrBuffer (_stream_writable.js:425:5)
    at WriteStream.Writable.write (_stream_writable.js:316:11)
    at EventEmitter.signalExit.alwaysLast (/usr/local/lib/node_modules/firebase-tools/node_modules/restore-cursor/index.js:7:18)
    at EventEmitter.emit (events.js:311:20)
    at EventEmitter.emit (domain.js:482:12)
    at emit (/usr/local/lib/node_modules/firebase-tools/node_modules/signal-exit/index.js:77:11)
    at process.listener (/usr/local/lib/node_modules/firebase-tools/node_modules/signal-exit/index.js:93:7)
    at process.emit (events.js:311:20)
